#
# There is insufficient memory for the Java Runtime Environment to continue.
# Native memory allocation (mmap) failed to map 134217728 bytes for G1 virtual space
# Possible reasons:
#   The system is out of physical RAM or swap space
#   The process is running with CompressedOops enabled, and the Java Heap may be blocking the growth of the native heap
# Possible solutions:
#   Reduce memory load on the system
#   Increase physical memory or swap space
#   Check if swap backing store is full
#   Decrease Java heap size (-Xmx/-Xms)
#   Decrease number of Java threads
#   Decrease Java thread stack sizes (-Xss)
#   Set larger code cache with -XX:ReservedCodeCacheSize=
#   JVM is running with Unscaled Compressed Oops mode in which the Java heap is
#     placed in the first 4GB address space. The Java Heap base address is the
#     maximum limit for the native heap growth. Please use -XX:HeapBaseMinAddress
#     to set the Java Heap base and to place the Java Heap above 4GB virtual address.
# This output file may be truncated or incomplete.
#
#  Out of Memory Error (os_windows.cpp:3552), pid=10480, tid=16452
#
# JRE version:  (17.0.9+11) (build )
# Java VM: Java HotSpot(TM) 64-Bit Server VM (17.0.9+11-LTS-201, mixed mode, sharing, tiered, compressed oops, compressed class ptrs, g1 gc, windows-amd64)
# No core dump will be written. Minidumps are not enabled by default on client versions of Windows
#

---------------  S U M M A R Y ------------

Command Line: -Dfile.encoding=UTF-8 -agentlib:jdwp=transport=dt_shmem,address=javadebug5256 --module-path=E:\New folder (4)\informantDB\build\classes informantdb.InformantDB

Host: Intel(R) Core(TM) i5-5300U CPU @ 2.30GHz, 4 cores, 7G,  Windows 10 , 64 bit Build 19041 (10.0.19041.3636)
Time: Wed Apr 24 23:50:19 2024 Egypt Standard Time elapsed time: 0.037389 seconds (0d 0h 0m 0s)

---------------  T H R E A D  ---------------

Current thread (0x000002d3671948d0):  JavaThread "Unknown thread" [_thread_in_vm, id=16452, stack(0x000000fc3c700000,0x000000fc3c800000)]

Stack: [0x000000fc3c700000,0x000000fc3c800000]
Native frames: (J=compiled Java code, j=interpreted, Vv=VM code, C=native code)
V  [jvm.dll+0x678a4a]
V  [jvm.dll+0x7d9cfd]
V  [jvm.dll+0x7db60e]
V  [jvm.dll+0x7dbc73]
V  [jvm.dll+0x245e1f]
V  [jvm.dll+0x6758f9]
V  [jvm.dll+0x66a2a2]
V  [jvm.dll+0x303686]
V  [jvm.dll+0x30ac06]
V  [jvm.dll+0x35a48e]
V  [jvm.dll+0x35a6bf]
V  [jvm.dll+0x2da678]
V  [jvm.dll+0x2db5e4]
V  [jvm.dll+0x7ab6b1]
V  [jvm.dll+0x368041]
V  [jvm.dll+0x78a749]
V  [jvm.dll+0x3ebd4f]
V  [jvm.dll+0x3ed7d1]
C  [jli.dll+0x5297]
C  [ucrtbase.dll+0x21bb2]
C  [KERNEL32.DLL+0x17344]
C  [ntdll.dll+0x526b1]


---------------  P R O C E S S  ---------------

Threads class SMR info:
_java_thread_list=0x00007ffd635c89d8, length=0, elements={
}

Java Threads: ( => current thread )

Other Threads:
  0x000002d3671ed7c0 GCTaskThread "GC Thread#0" [stack: 0x000000fc3c800000,0x000000fc3c900000] [id=14100]
  0x000002d367200680 ConcurrentGCThread "G1 Main Marker" [stack: 0x000000fc3c900000,0x000000fc3ca00000] [id=9460]
  0x000002d367200fa0 ConcurrentGCThread "G1 Conc#0" [stack: 0x000000fc3ca00000,0x000000fc3cb00000] [id=11824]

[error occurred during error reporting (printing all threads), id 0xc0000005, EXCEPTION_ACCESS_VIOLATION (0xc0000005) at pc=0x00007ffd62dfb2d7]

VM state: not at safepoint (not fully initialized)

VM Mutex/Monitor currently owned by a thread:  ([mutex/lock_event])
[0x000002d367190be0] Heap_lock - owner thread: 0x000002d3671948d0

Heap address: 0x0000000081e00000, size: 2018 MB, Compressed Oops mode: 32-bit

CDS archive(s) mapped at: [0x0000000000000000-0x0000000000000000-0x0000000000000000), size 0, SharedBaseAddress: 0x0000000800000000, ArchiveRelocationMode: 1.
Narrow klass base: 0x0000000000000000, Narrow klass shift: 0, Narrow klass range: 0x0

GC Precious Log:
<Empty>

Heap:
 garbage-first heap   total 0K, used 0K [0x0000000081e00000, 0x0000000100000000)
  region size 1024K, 0 young (0K), 0 survivors (0K)

[error occurred during error reporting (printing heap information), id 0xc0000005, EXCEPTION_ACCESS_VIOLATION (0xc0000005) at pc=0x00007ffd631e2229]

GC Heap History (0 events):
No events

Deoptimization events (0 events):
No events

Classes unloaded (0 events):
No events

Classes redefined (0 events):
No events

Internal exceptions (0 events):
No events

VM Operations (0 events):
No events

Events (1 events):
Event: 0.022 Loaded shared library C:\Program Files\Java\jdk-17\bin\java.dll


Dynamic libraries:
0x00007ff618f60000 - 0x00007ff618f70000 	C:\Program Files\Java\jdk-17\bin\java.exe
0x00007ffdc9410000 - 0x00007ffdc9608000 	C:\WINDOWS\SYSTEM32\ntdll.dll
0x00007ffdc9040000 - 0x00007ffdc90fd000 	C:\WINDOWS\System32\KERNEL32.DLL
0x00007ffdc6c80000 - 0x00007ffdc6f76000 	C:\WINDOWS\System32\KERNELBASE.dll
0x00007ffdc6ac0000 - 0x00007ffdc6bc0000 	C:\WINDOWS\System32\ucrtbase.dll
0x00007ffdc16b0000 - 0x00007ffdc16cb000 	C:\Program Files\Java\jdk-17\bin\VCRUNTIME140.dll
0x00007ffdbe320000 - 0x00007ffdbe339000 	C:\Program Files\Java\jdk-17\bin\jli.dll
0x00007ffdc8940000 - 0x00007ffdc89f0000 	C:\WINDOWS\System32\ADVAPI32.dll
0x00007ffdc8600000 - 0x00007ffdc869e000 	C:\WINDOWS\System32\msvcrt.dll
0x00007ffdc9100000 - 0x00007ffdc91a0000 	C:\WINDOWS\System32\sechost.dll
0x00007ffdc7770000 - 0x00007ffdc7893000 	C:\WINDOWS\System32\RPCRT4.dll
0x00007ffdc7340000 - 0x00007ffdc7367000 	C:\WINDOWS\System32\bcrypt.dll
0x00007ffdc7440000 - 0x00007ffdc75df000 	C:\WINDOWS\System32\USER32.dll
0x00007ffdc7370000 - 0x00007ffdc7392000 	C:\WINDOWS\System32\win32u.dll
0x00007ffdc85d0000 - 0x00007ffdc85fb000 	C:\WINDOWS\System32\GDI32.dll
0x00007ffdc7220000 - 0x00007ffdc7337000 	C:\WINDOWS\System32\gdi32full.dll
0x00007ffdc73a0000 - 0x00007ffdc743d000 	C:\WINDOWS\System32\msvcp_win.dll
0x00007ffdadfe0000 - 0x00007ffdae27a000 	C:\WINDOWS\WinSxS\amd64_microsoft.windows.common-controls_6595b64144ccf1df_6.0.19041.3636_none_60b6a03d71f818d5\COMCTL32.dll
0x00007ffdba030000 - 0x00007ffdba03a000 	C:\WINDOWS\SYSTEM32\VERSION.dll
0x00007ffdc78a0000 - 0x00007ffdc78d2000 	C:\WINDOWS\System32\IMM32.DLL
0x00007ffdc16a0000 - 0x00007ffdc16ac000 	C:\Program Files\Java\jdk-17\bin\vcruntime140_1.dll
0x00007ffd85950000 - 0x00007ffd859de000 	C:\Program Files\Java\jdk-17\bin\msvcp140.dll
0x00007ffd62b10000 - 0x00007ffd636f1000 	C:\Program Files\Java\jdk-17\bin\server\jvm.dll
0x00007ffdc7940000 - 0x00007ffdc7948000 	C:\WINDOWS\System32\PSAPI.DLL
0x00007ffdaa510000 - 0x00007ffdaa519000 	C:\WINDOWS\SYSTEM32\WSOCK32.dll
0x00007ffdc7a90000 - 0x00007ffdc7afb000 	C:\WINDOWS\System32\WS2_32.dll
0x00007ffdaf010000 - 0x00007ffdaf037000 	C:\WINDOWS\SYSTEM32\WINMM.dll
0x00007ffdc52e0000 - 0x00007ffdc52f2000 	C:\WINDOWS\SYSTEM32\kernel.appcore.dll
0x00007ffdad410000 - 0x00007ffdad41a000 	C:\Program Files\Java\jdk-17\bin\jimage.dll
0x00007ffdbd680000 - 0x00007ffdbd864000 	C:\WINDOWS\SYSTEM32\DBGHELP.DLL
0x00007ffdb5c10000 - 0x00007ffdb5c44000 	C:\WINDOWS\SYSTEM32\dbgcore.DLL
0x00007ffdc7030000 - 0x00007ffdc70b2000 	C:\WINDOWS\System32\bcryptPrimitives.dll
0x00007ffdb7540000 - 0x00007ffdb757b000 	C:\Program Files\Java\jdk-17\bin\jdwp.dll
0x00007ffda9fc0000 - 0x00007ffda9fe5000 	C:\Program Files\Java\jdk-17\bin\java.dll

dbghelp: loaded successfully - version: 4.0.5 - missing functions: none
symbol engine: initialized successfully - sym options: 0x614 - pdb path: .;C:\Program Files\Java\jdk-17\bin;C:\WINDOWS\SYSTEM32;C:\WINDOWS\WinSxS\amd64_microsoft.windows.common-controls_6595b64144ccf1df_6.0.19041.3636_none_60b6a03d71f818d5;C:\Program Files\Java\jdk-17\bin\server

VM Arguments:
jvm_args: -Dfile.encoding=UTF-8 -agentlib:jdwp=transport=dt_shmem,address=javadebug5256 --module-path=E:\New folder (4)\informantDB\build\classes 
java_command: informantdb.InformantDB
java_class_path (initial): C:\Program Files\NetBeans-19\netbeans\java\modules\ext\eclipselink\org.eclipse.persistence.core-2.7.12.jar;C:\Program Files\NetBeans-19\netbeans\java\modules\ext\eclipselink\org.eclipse.persistence.asm-9.4.0.jar;C:\Program Files\NetBeans-19\netbeans\java\modules\ext\eclipselink\org.eclipse.persistence.antlr-2.7.12.jar;C:\Program Files\NetBeans-19\netbeans\java\modules\ext\eclipselink\org.eclipse.persistence.jpa-2.7.12.jar;C:\Program Files\NetBeans-19\netbeans\java\modules\ext\eclipselink\org.eclipse.persistence.jpa.jpql-2.7.12.jar;C:\Program Files\NetBeans-19\netbeans\java\modules\ext\eclipselink\org.eclipse.persistence.moxy-2.7.12.jar;C:\Program Files\NetBeans-19\netbeans\java\modules\ext\eclipselink\jakarta.persistence-2.2.3.jar;C:\Users\Student\Desktop\ERROR\mysql-connector-j-8.3.0.jar;E:\New folder (4)\informantDB\build\classes
Launcher Type: SUN_STANDARD

[Global flags]
     intx CICompilerCount                          = 3                                         {product} {ergonomic}
     uint ConcGCThreads                            = 1                                         {product} {ergonomic}
     uint G1ConcRefinementThreads                  = 4                                         {product} {ergonomic}
   size_t G1HeapRegionSize                         = 1048576                                   {product} {ergonomic}
    uintx GCDrainStackTargetSize                   = 64                                        {product} {ergonomic}
   size_t InitialHeapSize                          = 134217728                                 {product} {ergonomic}
   size_t MarkStackSize                            = 4194304                                   {product} {ergonomic}
   size_t MaxHeapSize                              = 2116026368                                {product} {ergonomic}
   size_t MinHeapDeltaBytes                        = 1048576                                   {product} {ergonomic}
   size_t MinHeapSize                              = 8388608                                   {product} {ergonomic}
    uintx NonNMethodCodeHeapSize                   = 5832780                                {pd product} {ergonomic}
    uintx NonProfiledCodeHeapSize                  = 122912730                              {pd product} {ergonomic}
    uintx ProfiledCodeHeapSize                     = 122912730                              {pd product} {ergonomic}
    uintx ReservedCodeCacheSize                    = 251658240                              {pd product} {ergonomic}
     bool SegmentedCodeCache                       = true                                      {product} {ergonomic}
   size_t SoftMaxHeapSize                          = 2116026368                             {manageable} {ergonomic}
     bool UseCompressedClassPointers               = true                           {product lp64_product} {ergonomic}
     bool UseCompressedOops                        = true                           {product lp64_product} {ergonomic}
     bool UseG1GC                                  = true                                      {product} {ergonomic}
     bool UseLargePagesIndividualAllocation        = false                                  {pd product} {ergonomic}

Logging:
Log output configuration:
 #0: stdout all=warning uptime,level,tags
 #1: stderr all=off uptime,level,tags

Environment Variables:
PATH=C:\Program Files\Common Files\Oracle\Java\javapath;C:\WINDOWS\system32;C:\WINDOWS;C:\WINDOWS\System32\Wbem;C:\WINDOWS\System32\WindowsPowerShell\v1.0\;C:\WINDOWS\System32\OpenSSH\;C:\Program Files\dotnet\;C:\Program Files\Git\cmd;C:\MinGW\bin;C:\Program Files\nodejs\;C:\Program Files (x86)\Microsoft SQL Server\160\Tools\Binn\;C:\Program Files\Microsoft SQL Server\160\Tools\Binn\;C:\Program Files\Microsoft SQL Server\Client SDK\ODBC\170\Tools\Binn\;C:\Program Files\Microsoft SQL Server\160\DTS\Binn\;C:\Program Files (x86)\Microsoft SQL Server\160\DTS\Binn\;C:\Program Files\Azure Data Studio\bin;C:\Program Files\Microsoft SQL Server\150\Tools\Binn\;C:\Users\Student\AppData\Local\Microsoft\WindowsApps;C:\Users\Student\AppData\Local\Programs\Microsoft VS Code\bin;C:\Users\Student\.dotnet\tools;C:\MinGW\bin;C:\Users\Student\AppData\Roaming\npm;C:\Program Files\Azure Data Studio\bin
USERNAME=Student
OS=Windows_NT
PROCESSOR_IDENTIFIER=Intel64 Family 6 Model 61 Stepping 4, GenuineIntel



---------------  S Y S T E M  ---------------

OS:
 Windows 10 , 64 bit Build 19041 (10.0.19041.3636)
OS uptime: 0 days 4:45 hours

CPU: total 4 (initial active 4) (2 cores per cpu, 2 threads per core) family 6 model 61 stepping 4 microcode 0x2f, cx8, cmov, fxsr, ht, mmx, 3dnowpref, sse, sse2, sse3, ssse3, sse4.1, sse4.2, popcnt, lzcnt, tsc, tscinvbit, avx, avx2, aes, erms, clmul, bmi1, bmi2, rtm, adx, fma, vzeroupper, clflush

Memory: 4k page, system-wide physical 8064M (1346M free)
TotalPageFile size 10659M (AvailPageFile size 71M)
current process WorkingSet (physical memory assigned to process): 10M, peak: 10M
current process commit charge ("private bytes"): 51M, peak: 179M

vm_info: Java HotSpot(TM) 64-Bit Server VM (17.0.9+11-LTS-201) for windows-amd64 JRE (17.0.9+11-LTS-201), built on Oct 10 2023 23:16:06 by "mach5one" with MS VC++ 17.1 (VS2022)

END.
